<?xml version="1.0" encoding="UTF-8"?>
<!-- Generated by org.testng.reporters.JUnitReportReporter -->
<testsuite skipped="0" hostname="DESKTOP-6BM3O4I" name="org.sample.Altoro" tests="6" failures="0" timestamp="06 Jan 2023 05:15:03 GMT" time="155.024" errors="0">
  <testcase name="tc1" time="48.902" classname="org.sample.Altoro"/>
  <testcase name="tc4" time="21.108" classname="org.sample.Altoro"/>
  <testcase name="tc2" time="15.351" classname="org.sample.Altoro"/>
  <testcase name="tc5" time="32.340" classname="org.sample.Altoro"/>
  <testcase name="tc3" time="16.576" classname="org.sample.Altoro"/>
  <testcase name="tc6" time="20.747" classname="org.sample.Altoro"/>
</testsuite> <!-- org.sample.Altoro -->
